[2019-08-26 08:25:39] local.ERROR: BadMethodCallException: Call to undefined method Illuminate\Database\Query\Builder::ignore() in /home/stefan/Desktop/exam_api/vendor/illuminate/support/Traits/ForwardsCalls.php:50
Stack trace:
#0 /home/stefan/Desktop/exam_api/vendor/illuminate/database/Query/Builder.php(3055): Illuminate\Database\Query\Builder::throwBadMethodCallException('ignore')
#1 /home/stefan/Desktop/exam_api/app/Http/Validators/ValidatesExamStudentRequests.php(49): Illuminate\Database\Query\Builder->__call('ignore', Array)
#2 /home/stefan/Desktop/exam_api/vendor/illuminate/validation/DatabasePresenceVerifier.php(86): App\Http\Controllers\ExamStudentController->App\Http\Validators\{closure}(Object(Illuminate\Database\Query\Builder))
#3 [internal function]: Illuminate\Validation\DatabasePresenceVerifier->Illuminate\Validation\{closure}(Object(Illuminate\Database\Query\Builder))
#4 /home/stefan/Desktop/exam_api/vendor/illuminate/database/Query/Builder.php(1339): call_user_func(Object(Closure), Object(Illuminate\Database\Query\Builder))
#5 /home/stefan/Desktop/exam_api/vendor/illuminate/database/Query/Builder.php(616): Illuminate\Database\Query\Builder->whereNested(Object(Closure), 'and')
#6 /home/stefan/Desktop/exam_api/vendor/illuminate/validation/DatabasePresenceVerifier.php(87): Illuminate\Database\Query\Builder->where(Object(Closure))
#7 /home/stefan/Desktop/exam_api/vendor/illuminate/validation/DatabasePresenceVerifier.php(55): Illuminate\Validation\DatabasePresenceVerifier->addConditions(Object(Illuminate\Database\Query\Builder), Array)
#8 /home/stefan/Desktop/exam_api/vendor/illuminate/validation/Concerns/ValidatesAttributes.php(755): Illuminate\Validation\DatabasePresenceVerifier->getCount('exam_student', 'ident_hash', '1f8b6d5a89242a0...', NULL, 'id', Array)
#9 /home/stefan/Desktop/exam_api/app/Http/Validators/Validator.php(67): Illuminate\Validation\Validator->validateUnique('ident_hash', '1f8b6d5a89242a0...', Array)
#10 /home/stefan/Desktop/exam_api/vendor/illuminate/validation/Validator.php(398): App\Http\Validators\Validator->validateUnique('ident_hash', '1f8b6d5a89242a0...', Array, Object(App\Http\Validators\Validator))
#11 /home/stefan/Desktop/exam_api/vendor/illuminate/validation/Validator.php(277): Illuminate\Validation\Validator->validateAttribute('ident_hash', 'Unique')
#12 /home/stefan/Desktop/exam_api/vendor/illuminate/validation/Validator.php(302): Illuminate\Validation\Validator->passes()
#13 /home/stefan/Desktop/exam_api/app/Http/Controllers/Controller.php(24): Illuminate\Validation\Validator->fails()
#14 /home/stefan/Desktop/exam_api/app/Http/Validators/ValidatesExamStudentRequests.php(50): App\Http\Controllers\Controller->validate(Object(Laravel\Lumen\Http\Request), Array)
#15 /home/stefan/Desktop/exam_api/app/Http/Controllers/ExamStudentController.php(89): App\Http\Controllers\ExamStudentController->validateExamStudentUpdate(Object(Laravel\Lumen\Http\Request), 2, 50)
#16 [internal function]: App\Http\Controllers\ExamStudentController->update(Object(Laravel\Lumen\Http\Request), 2, 50)
#17 /home/stefan/Desktop/exam_api/vendor/illuminate/container/BoundMethod.php(32): call_user_func_array(Array, Array)
#18 /home/stefan/Desktop/exam_api/vendor/illuminate/container/BoundMethod.php(90): Illuminate\Container\BoundMethod::Illuminate\Container\{closure}()
#19 /home/stefan/Desktop/exam_api/vendor/illuminate/container/BoundMethod.php(34): Illuminate\Container\BoundMethod::callBoundMethod(Object(Laravel\Lumen\Application), Array, Object(Closure))
#20 /home/stefan/Desktop/exam_api/vendor/illuminate/container/Container.php(576): Illuminate\Container\BoundMethod::call(Object(Laravel\Lumen\Application), Array, Array, NULL)
#21 /home/stefan/Desktop/exam_api/vendor/laravel/lumen-framework/src/Concerns/RoutesRequests.php(376): Illuminate\Container\Container->call(Array, Array)
#22 /home/stefan/Desktop/exam_api/vendor/laravel/lumen-framework/src/Concerns/RoutesRequests.php(342): Laravel\Lumen\Application->callControllerCallable(Array, Array)
#23 /home/stefan/Desktop/exam_api/vendor/laravel/lumen-framework/src/Concerns/RoutesRequests.php(316): Laravel\Lumen\Application->callLumenController(Object(App\Http\Controllers\ExamStudentController), 'update', Array)
#24 /home/stefan/Desktop/exam_api/vendor/laravel/lumen-framework/src/Concerns/RoutesRequests.php(278): Laravel\Lumen\Application->callControllerAction(Array)
#25 /home/stefan/Desktop/exam_api/vendor/laravel/lumen-framework/src/Concerns/RoutesRequests.php(258): Laravel\Lumen\Application->callActionOnArrayBasedRoute(Array)
#26 [internal function]: Laravel\Lumen\Application->Laravel\Lumen\Concerns\{closure}(Object(Laravel\Lumen\Http\Request))
#27 /home/stefan/Desktop/exam_api/vendor/laravel/lumen-framework/src/Routing/Pipeline.php(52): call_user_func(Object(Closure), Object(Laravel\Lumen\Http\Request))
#28 /home/stefan/Desktop/exam_api/app/Http/Middleware/Authenticate.php(80): Laravel\Lumen\Routing\Pipeline->Laravel\Lumen\Routing\{closure}(Object(Laravel\Lumen\Http\Request))
#29 /home/stefan/Desktop/exam_api/vendor/illuminate/pipeline/Pipeline.php(163): App\Http\Middleware\Authenticate->handle(Object(Laravel\Lumen\Http\Request), Object(Closure))
#30 [internal function]: Illuminate\Pipeline\Pipeline->Illuminate\Pipeline\{closure}(Object(Laravel\Lumen\Http\Request))
#31 /home/stefan/Desktop/exam_api/vendor/laravel/lumen-framework/src/Routing/Pipeline.php(32): call_user_func(Object(Closure), Object(Laravel\Lumen\Http\Request))
#32 /home/stefan/Desktop/exam_api/vendor/illuminate/pipeline/Pipeline.php(104): Laravel\Lumen\Routing\Pipeline->Laravel\Lumen\Routing\{closure}(Object(Laravel\Lumen\Http\Request))
#33 /home/stefan/Desktop/exam_api/vendor/laravel/lumen-framework/src/Concerns/RoutesRequests.php(413): Illuminate\Pipeline\Pipeline->then(Object(Closure))
#34 /home/stefan/Desktop/exam_api/vendor/laravel/lumen-framework/src/Concerns/RoutesRequests.php(259): Laravel\Lumen\Application->sendThroughPipeline(Array, Object(Closure))
#35 /home/stefan/Desktop/exam_api/vendor/laravel/lumen-framework/src/Concerns/RoutesRequests.php(233): Laravel\Lumen\Application->handleFoundRoute(Array)
#36 /home/stefan/Desktop/exam_api/vendor/laravel/lumen-framework/src/Concerns/RoutesRequests.php(169): Laravel\Lumen\Application->handleDispatcherResponse(Array)
#37 [internal function]: Laravel\Lumen\Application->Laravel\Lumen\Concerns\{closure}(Object(Laravel\Lumen\Http\Request))
#38 /home/stefan/Desktop/exam_api/vendor/laravel/lumen-framework/src/Routing/Pipeline.php(52): call_user_func(Object(Closure), Object(Laravel\Lumen\Http\Request))
#39 /home/stefan/Desktop/exam_api/app/Http/Middleware/CorsMiddleware.php(32): Laravel\Lumen\Routing\Pipeline->Laravel\Lumen\Routing\{closure}(Object(Laravel\Lumen\Http\Request))
#40 /home/stefan/Desktop/exam_api/vendor/illuminate/pipeline/Pipeline.php(163): App\Http\Middleware\CorsMiddleware->handle(Object(Laravel\Lumen\Http\Request), Object(Closure))
#41 [internal function]: Illuminate\Pipeline\Pipeline->Illuminate\Pipeline\{closure}(Object(Laravel\Lumen\Http\Request))
#42 /home/stefan/Desktop/exam_api/vendor/laravel/lumen-framework/src/Routing/Pipeline.php(32): call_user_func(Object(Closure), Object(Laravel\Lumen\Http\Request))
#43 /home/stefan/Desktop/exam_api/vendor/illuminate/pipeline/Pipeline.php(104): Laravel\Lumen\Routing\Pipeline->Laravel\Lumen\Routing\{closure}(Object(Laravel\Lumen\Http\Request))
#44 /home/stefan/Desktop/exam_api/vendor/laravel/lumen-framework/src/Concerns/RoutesRequests.php(413): Illuminate\Pipeline\Pipeline->then(Object(Closure))
#45 /home/stefan/Desktop/exam_api/vendor/laravel/lumen-framework/src/Concerns/RoutesRequests.php(171): Laravel\Lumen\Application->sendThroughPipeline(Array, Object(Closure))
#46 /home/stefan/Desktop/exam_api/vendor/laravel/lumen-framework/src/Concerns/RoutesRequests.php(108): Laravel\Lumen\Application->dispatch(NULL)
#47 /home/stefan/Desktop/exam_api/public/index.php(33): Laravel\Lumen\Application->run()
#48 {main} {"exception":"[object] (BadMethodCallException(code: 0): Call to undefined method Illuminate\\Database\\Query\\Builder::ignore() at /home/stefan/Desktop/exam_api/vendor/illuminate/support/Traits/ForwardsCalls.php:50)
[stacktrace]
#0 /home/stefan/Desktop/exam_api/vendor/illuminate/database/Query/Builder.php(3055): Illuminate\\Database\\Query\\Builder::throwBadMethodCallException('ignore')
#1 /home/stefan/Desktop/exam_api/app/Http/Validators/ValidatesExamStudentRequests.php(49): Illuminate\\Database\\Query\\Builder->__call('ignore', Array)
#2 /home/stefan/Desktop/exam_api/vendor/illuminate/validation/DatabasePresenceVerifier.php(86): App\\Http\\Controllers\\ExamStudentController->App\\Http\\Validators\\{closure}(Object(Illuminate\\Database\\Query\\Builder))
#3 [internal function]: Illuminate\\Validation\\DatabasePresenceVerifier->Illuminate\\Validation\\{closure}(Object(Illuminate\\Database\\Query\\Builder))
#4 /home/stefan/Desktop/exam_api/vendor/illuminate/database/Query/Builder.php(1339): call_user_func(Object(Closure), Object(Illuminate\\Database\\Query\\Builder))
#5 /home/stefan/Desktop/exam_api/vendor/illuminate/database/Query/Builder.php(616): Illuminate\\Database\\Query\\Builder->whereNested(Object(Closure), 'and')
#6 /home/stefan/Desktop/exam_api/vendor/illuminate/validation/DatabasePresenceVerifier.php(87): Illuminate\\Database\\Query\\Builder->where(Object(Closure))
#7 /home/stefan/Desktop/exam_api/vendor/illuminate/validation/DatabasePresenceVerifier.php(55): Illuminate\\Validation\\DatabasePresenceVerifier->addConditions(Object(Illuminate\\Database\\Query\\Builder), Array)
#8 /home/stefan/Desktop/exam_api/vendor/illuminate/validation/Concerns/ValidatesAttributes.php(755): Illuminate\\Validation\\DatabasePresenceVerifier->getCount('exam_student', 'ident_hash', '1f8b6d5a89242a0...', NULL, 'id', Array)
#9 /home/stefan/Desktop/exam_api/app/Http/Validators/Validator.php(67): Illuminate\\Validation\\Validator->validateUnique('ident_hash', '1f8b6d5a89242a0...', Array)
#10 /home/stefan/Desktop/exam_api/vendor/illuminate/validation/Validator.php(398): App\\Http\\Validators\\Validator->validateUnique('ident_hash', '1f8b6d5a89242a0...', Array, Object(App\\Http\\Validators\\Validator))
#11 /home/stefan/Desktop/exam_api/vendor/illuminate/validation/Validator.php(277): Illuminate\\Validation\\Validator->validateAttribute('ident_hash', 'Unique')
#12 /home/stefan/Desktop/exam_api/vendor/illuminate/validation/Validator.php(302): Illuminate\\Validation\\Validator->passes()
#13 /home/stefan/Desktop/exam_api/app/Http/Controllers/Controller.php(24): Illuminate\\Validation\\Validator->fails()
#14 /home/stefan/Desktop/exam_api/app/Http/Validators/ValidatesExamStudentRequests.php(50): App\\Http\\Controllers\\Controller->validate(Object(Laravel\\Lumen\\Http\\Request), Array)
#15 /home/stefan/Desktop/exam_api/app/Http/Controllers/ExamStudentController.php(89): App\\Http\\Controllers\\ExamStudentController->validateExamStudentUpdate(Object(Laravel\\Lumen\\Http\\Request), 2, 50)
#16 [internal function]: App\\Http\\Controllers\\ExamStudentController->update(Object(Laravel\\Lumen\\Http\\Request), 2, 50)
#17 /home/stefan/Desktop/exam_api/vendor/illuminate/container/BoundMethod.php(32): call_user_func_array(Array, Array)
#18 /home/stefan/Desktop/exam_api/vendor/illuminate/container/BoundMethod.php(90): Illuminate\\Container\\BoundMethod::Illuminate\\Container\\{closure}()
#19 /home/stefan/Desktop/exam_api/vendor/illuminate/container/BoundMethod.php(34): Illuminate\\Container\\BoundMethod::callBoundMethod(Object(Laravel\\Lumen\\Application), Array, Object(Closure))
#20 /home/stefan/Desktop/exam_api/vendor/illuminate/container/Container.php(576): Illuminate\\Container\\BoundMethod::call(Object(Laravel\\Lumen\\Application), Array, Array, NULL)
#21 /home/stefan/Desktop/exam_api/vendor/laravel/lumen-framework/src/Concerns/RoutesRequests.php(376): Illuminate\\Container\\Container->call(Array, Array)
#22 /home/stefan/Desktop/exam_api/vendor/laravel/lumen-framework/src/Concerns/RoutesRequests.php(342): Laravel\\Lumen\\Application->callControllerCallable(Array, Array)
#23 /home/stefan/Desktop/exam_api/vendor/laravel/lumen-framework/src/Concerns/RoutesRequests.php(316): Laravel\\Lumen\\Application->callLumenController(Object(App\\Http\\Controllers\\ExamStudentController), 'update', Array)
#24 /home/stefan/Desktop/exam_api/vendor/laravel/lumen-framework/src/Concerns/RoutesRequests.php(278): Laravel\\Lumen\\Application->callControllerAction(Array)
#25 /home/stefan/Desktop/exam_api/vendor/laravel/lumen-framework/src/Concerns/RoutesRequests.php(258): Laravel\\Lumen\\Application->callActionOnArrayBasedRoute(Array)
#26 [internal function]: Laravel\\Lumen\\Application->Laravel\\Lumen\\Concerns\\{closure}(Object(Laravel\\Lumen\\Http\\Request))
#27 /home/stefan/Desktop/exam_api/vendor/laravel/lumen-framework/src/Routing/Pipeline.php(52): call_user_func(Object(Closure), Object(Laravel\\Lumen\\Http\\Request))
#28 /home/stefan/Desktop/exam_api/app/Http/Middleware/Authenticate.php(80): Laravel\\Lumen\\Routing\\Pipeline->Laravel\\Lumen\\Routing\\{closure}(Object(Laravel\\Lumen\\Http\\Request))
#29 /home/stefan/Desktop/exam_api/vendor/illuminate/pipeline/Pipeline.php(163): App\\Http\\Middleware\\Authenticate->handle(Object(Laravel\\Lumen\\Http\\Request), Object(Closure))
#30 [internal function]: Illuminate\\Pipeline\\Pipeline->Illuminate\\Pipeline\\{closure}(Object(Laravel\\Lumen\\Http\\Request))
#31 /home/stefan/Desktop/exam_api/vendor/laravel/lumen-framework/src/Routing/Pipeline.php(32): call_user_func(Object(Closure), Object(Laravel\\Lumen\\Http\\Request))
#32 /home/stefan/Desktop/exam_api/vendor/illuminate/pipeline/Pipeline.php(104): Laravel\\Lumen\\Routing\\Pipeline->Laravel\\Lumen\\Routing\\{closure}(Object(Laravel\\Lumen\\Http\\Request))
#33 /home/stefan/Desktop/exam_api/vendor/laravel/lumen-framework/src/Concerns/RoutesRequests.php(413): Illuminate\\Pipeline\\Pipeline->then(Object(Closure))
#34 /home/stefan/Desktop/exam_api/vendor/laravel/lumen-framework/src/Concerns/RoutesRequests.php(259): Laravel\\Lumen\\Application->sendThroughPipeline(Array, Object(Closure))
#35 /home/stefan/Desktop/exam_api/vendor/laravel/lumen-framework/src/Concerns/RoutesRequests.php(233): Laravel\\Lumen\\Application->handleFoundRoute(Array)
#36 /home/stefan/Desktop/exam_api/vendor/laravel/lumen-framework/src/Concerns/RoutesRequests.php(169): Laravel\\Lumen\\Application->handleDispatcherResponse(Array)
#37 [internal function]: Laravel\\Lumen\\Application->Laravel\\Lumen\\Concerns\\{closure}(Object(Laravel\\Lumen\\Http\\Request))
#38 /home/stefan/Desktop/exam_api/vendor/laravel/lumen-framework/src/Routing/Pipeline.php(52): call_user_func(Object(Closure), Object(Laravel\\Lumen\\Http\\Request))
#39 /home/stefan/Desktop/exam_api/app/Http/Middleware/CorsMiddleware.php(32): Laravel\\Lumen\\Routing\\Pipeline->Laravel\\Lumen\\Routing\\{closure}(Object(Laravel\\Lumen\\Http\\Request))
#40 /home/stefan/Desktop/exam_api/vendor/illuminate/pipeline/Pipeline.php(163): App\\Http\\Middleware\\CorsMiddleware->handle(Object(Laravel\\Lumen\\Http\\Request), Object(Closure))
#41 [internal function]: Illuminate\\Pipeline\\Pipeline->Illuminate\\Pipeline\\{closure}(Object(Laravel\\Lumen\\Http\\Request))
#42 /home/stefan/Desktop/exam_api/vendor/laravel/lumen-framework/src/Routing/Pipeline.php(32): call_user_func(Object(Closure), Object(Laravel\\Lumen\\Http\\Request))
#43 /home/stefan/Desktop/exam_api/vendor/illuminate/pipeline/Pipeline.php(104): Laravel\\Lumen\\Routing\\Pipeline->Laravel\\Lumen\\Routing\\{closure}(Object(Laravel\\Lumen\\Http\\Request))
#44 /home/stefan/Desktop/exam_api/vendor/laravel/lumen-framework/src/Concerns/RoutesRequests.php(413): Illuminate\\Pipeline\\Pipeline->then(Object(Closure))
#45 /home/stefan/Desktop/exam_api/vendor/laravel/lumen-framework/src/Concerns/RoutesRequests.php(171): Laravel\\Lumen\\Application->sendThroughPipeline(Array, Object(Closure))
#46 /home/stefan/Desktop/exam_api/vendor/laravel/lumen-framework/src/Concerns/RoutesRequests.php(108): Laravel\\Lumen\\Application->dispatch(NULL)
#47 /home/stefan/Desktop/exam_api/public/index.php(33): Laravel\\Lumen\\Application->run()
#48 {main}
"} 
