[2019-09-06 19:57:01] local.ERROR: PDOException: SQLSTATE[HY000] [2002] Connection refused in /var/www/html/vendor/illuminate/database/Connectors/Connector.php:70
Stack trace:
#0 /var/www/html/vendor/illuminate/database/Connectors/Connector.php(70): PDO->__construct('mysql:host=mysq...', 'lumen', 'secret', Array)
#1 /var/www/html/vendor/illuminate/database/Connectors/Connector.php(46): Illuminate\Database\Connectors\Connector->createPdoConnection('mysql:host=mysq...', 'lumen', 'secret', Array)
#2 /var/www/html/vendor/illuminate/database/Connectors/MySqlConnector.php(24): Illuminate\Database\Connectors\Connector->createConnection('mysql:host=mysq...', Array, Array)
#3 /var/www/html/vendor/illuminate/database/Connectors/ConnectionFactory.php(182): Illuminate\Database\Connectors\MySqlConnector->connect(Array)
#4 [internal function]: Illuminate\Database\Connectors\ConnectionFactory->Illuminate\Database\Connectors\{closure}()
#5 /var/www/html/vendor/illuminate/database/Connection.php(919): call_user_func(Object(Closure))
#6 /var/www/html/vendor/illuminate/database/Connection.php(944): Illuminate\Database\Connection->getPdo()
#7 /var/www/html/vendor/illuminate/database/Connection.php(399): Illuminate\Database\Connection->getReadPdo()
#8 /var/www/html/vendor/illuminate/database/Connection.php(325): Illuminate\Database\Connection->getPdoForSelect(true)
#9 /var/www/html/vendor/illuminate/database/Connection.php(657): Illuminate\Database\Connection->Illuminate\Database\{closure}('select * from i...', Array)
#10 /var/www/html/vendor/illuminate/database/Connection.php(624): Illuminate\Database\Connection->runQueryCallback('select * from i...', Array, Object(Closure))
#11 /var/www/html/vendor/illuminate/database/Connection.php(333): Illuminate\Database\Connection->run('select * from i...', Array, Object(Closure))
#12 /var/www/html/vendor/illuminate/database/Schema/MySqlBuilder.php(18): Illuminate\Database\Connection->select('select * from i...', Array)
#13 /var/www/html/vendor/illuminate/database/Migrations/DatabaseMigrationRepository.php(169): Illuminate\Database\Schema\MySqlBuilder->hasTable('migrations')
#14 /var/www/html/vendor/illuminate/database/Migrations/Migrator.php(585): Illuminate\Database\Migrations\DatabaseMigrationRepository->repositoryExists()
#15 /var/www/html/vendor/illuminate/database/Console/Migrations/MigrateCommand.php(91): Illuminate\Database\Migrations\Migrator->repositoryExists()
#16 /var/www/html/vendor/illuminate/database/Console/Migrations/MigrateCommand.php(63): Illuminate\Database\Console\Migrations\MigrateCommand->prepareDatabase()
#17 [internal function]: Illuminate\Database\Console\Migrations\MigrateCommand->handle()
#18 /var/www/html/vendor/illuminate/container/BoundMethod.php(32): call_user_func_array(Array, Array)
#19 /var/www/html/vendor/illuminate/container/BoundMethod.php(90): Illuminate\Container\BoundMethod::Illuminate\Container\{closure}()
#20 /var/www/html/vendor/illuminate/container/BoundMethod.php(34): Illuminate\Container\BoundMethod::callBoundMethod(Object(Laravel\Lumen\Application), Array, Object(Closure))
#21 /var/www/html/vendor/illuminate/container/Container.php(576): Illuminate\Container\BoundMethod::call(Object(Laravel\Lumen\Application), Array, Array, NULL)
#22 /var/www/html/vendor/illuminate/console/Command.php(183): Illuminate\Container\Container->call(Array)
#23 /var/www/html/vendor/symfony/console/Command/Command.php(255): Illuminate\Console\Command->execute(Object(Symfony\Component\Console\Input\ArgvInput), Object(Illuminate\Console\OutputStyle))
#24 /var/www/html/vendor/illuminate/console/Command.php(170): Symfony\Component\Console\Command\Command->run(Object(Symfony\Component\Console\Input\ArgvInput), Object(Illuminate\Console\OutputStyle))
#25 /var/www/html/vendor/symfony/console/Application.php(915): Illuminate\Console\Command->run(Object(Symfony\Component\Console\Input\ArgvInput), Object(Symfony\Component\Console\Output\ConsoleOutput))
#26 /var/www/html/vendor/symfony/console/Application.php(272): Symfony\Component\Console\Application->doRunCommand(Object(Illuminate\Database\Console\Migrations\MigrateCommand), Object(Symfony\Component\Console\Input\ArgvInput), Object(Symfony\Component\Console\Output\ConsoleOutput))
#27 /var/www/html/vendor/symfony/console/Application.php(148): Symfony\Component\Console\Application->doRun(Object(Symfony\Component\Console\Input\ArgvInput), Object(Symfony\Component\Console\Output\ConsoleOutput))
#28 /var/www/html/vendor/illuminate/console/Application.php(90): Symfony\Component\Console\Application->run(Object(Symfony\Component\Console\Input\ArgvInput), Object(Symfony\Component\Console\Output\ConsoleOutput))
#29 /var/www/html/vendor/laravel/lumen-framework/src/Console/Kernel.php(115): Illuminate\Console\Application->run(Object(Symfony\Component\Console\Input\ArgvInput), Object(Symfony\Component\Console\Output\ConsoleOutput))
#30 /var/www/html/artisan(35): Laravel\Lumen\Console\Kernel->handle(Object(Symfony\Component\Console\Input\ArgvInput), Object(Symfony\Component\Console\Output\ConsoleOutput))
#31 {main}

Next Illuminate\Database\QueryException: SQLSTATE[HY000] [2002] Connection refused (SQL: select * from information_schema.tables where table_schema = lumen and table_name = migrations and table_type = 'BASE TABLE') in /var/www/html/vendor/illuminate/database/Connection.php:664
Stack trace:
#0 /var/www/html/vendor/illuminate/database/Connection.php(624): Illuminate\Database\Connection->runQueryCallback('select * from i...', Array, Object(Closure))
#1 /var/www/html/vendor/illuminate/database/Connection.php(333): Illuminate\Database\Connection->run('select * from i...', Array, Object(Closure))
#2 /var/www/html/vendor/illuminate/database/Schema/MySqlBuilder.php(18): Illuminate\Database\Connection->select('select * from i...', Array)
#3 /var/www/html/vendor/illuminate/database/Migrations/DatabaseMigrationRepository.php(169): Illuminate\Database\Schema\MySqlBuilder->hasTable('migrations')
#4 /var/www/html/vendor/illuminate/database/Migrations/Migrator.php(585): Illuminate\Database\Migrations\DatabaseMigrationRepository->repositoryExists()
#5 /var/www/html/vendor/illuminate/database/Console/Migrations/MigrateCommand.php(91): Illuminate\Database\Migrations\Migrator->repositoryExists()
#6 /var/www/html/vendor/illuminate/database/Console/Migrations/MigrateCommand.php(63): Illuminate\Database\Console\Migrations\MigrateCommand->prepareDatabase()
#7 [internal function]: Illuminate\Database\Console\Migrations\MigrateCommand->handle()
#8 /var/www/html/vendor/illuminate/container/BoundMethod.php(32): call_user_func_array(Array, Array)
#9 /var/www/html/vendor/illuminate/container/BoundMethod.php(90): Illuminate\Container\BoundMethod::Illuminate\Container\{closure}()
#10 /var/www/html/vendor/illuminate/container/BoundMethod.php(34): Illuminate\Container\BoundMethod::callBoundMethod(Object(Laravel\Lumen\Application), Array, Object(Closure))
#11 /var/www/html/vendor/illuminate/container/Container.php(576): Illuminate\Container\BoundMethod::call(Object(Laravel\Lumen\Application), Array, Array, NULL)
#12 /var/www/html/vendor/illuminate/console/Command.php(183): Illuminate\Container\Container->call(Array)
#13 /var/www/html/vendor/symfony/console/Command/Command.php(255): Illuminate\Console\Command->execute(Object(Symfony\Component\Console\Input\ArgvInput), Object(Illuminate\Console\OutputStyle))
#14 /var/www/html/vendor/illuminate/console/Command.php(170): Symfony\Component\Console\Command\Command->run(Object(Symfony\Component\Console\Input\ArgvInput), Object(Illuminate\Console\OutputStyle))
#15 /var/www/html/vendor/symfony/console/Application.php(915): Illuminate\Console\Command->run(Object(Symfony\Component\Console\Input\ArgvInput), Object(Symfony\Component\Console\Output\ConsoleOutput))
#16 /var/www/html/vendor/symfony/console/Application.php(272): Symfony\Component\Console\Application->doRunCommand(Object(Illuminate\Database\Console\Migrations\MigrateCommand), Object(Symfony\Component\Console\Input\ArgvInput), Object(Symfony\Component\Console\Output\ConsoleOutput))
#17 /var/www/html/vendor/symfony/console/Application.php(148): Symfony\Component\Console\Application->doRun(Object(Symfony\Component\Console\Input\ArgvInput), Object(Symfony\Component\Console\Output\ConsoleOutput))
#18 /var/www/html/vendor/illuminate/console/Application.php(90): Symfony\Component\Console\Application->run(Object(Symfony\Component\Console\Input\ArgvInput), Object(Symfony\Component\Console\Output\ConsoleOutput))
#19 /var/www/html/vendor/laravel/lumen-framework/src/Console/Kernel.php(115): Illuminate\Console\Application->run(Object(Symfony\Component\Console\Input\ArgvInput), Object(Symfony\Component\Console\Output\ConsoleOutput))
#20 /var/www/html/artisan(35): Laravel\Lumen\Console\Kernel->handle(Object(Symfony\Component\Console\Input\ArgvInput), Object(Symfony\Component\Console\Output\ConsoleOutput))
#21 {main} {"exception":"[object] (Illuminate\\Database\\QueryException(code: 2002): SQLSTATE[HY000] [2002] Connection refused (SQL: select * from information_schema.tables where table_schema = lumen and table_name = migrations and table_type = 'BASE TABLE') at /var/www/html/vendor/illuminate/database/Connection.php:664, PDOException(code: 2002): SQLSTATE[HY000] [2002] Connection refused at /var/www/html/vendor/illuminate/database/Connectors/Connector.php:70)
[stacktrace]
#0 /var/www/html/vendor/illuminate/database/Connection.php(624): Illuminate\\Database\\Connection->runQueryCallback('select * from i...', Array, Object(Closure))
#1 /var/www/html/vendor/illuminate/database/Connection.php(333): Illuminate\\Database\\Connection->run('select * from i...', Array, Object(Closure))
#2 /var/www/html/vendor/illuminate/database/Schema/MySqlBuilder.php(18): Illuminate\\Database\\Connection->select('select * from i...', Array)
#3 /var/www/html/vendor/illuminate/database/Migrations/DatabaseMigrationRepository.php(169): Illuminate\\Database\\Schema\\MySqlBuilder->hasTable('migrations')
#4 /var/www/html/vendor/illuminate/database/Migrations/Migrator.php(585): Illuminate\\Database\\Migrations\\DatabaseMigrationRepository->repositoryExists()
#5 /var/www/html/vendor/illuminate/database/Console/Migrations/MigrateCommand.php(91): Illuminate\\Database\\Migrations\\Migrator->repositoryExists()
#6 /var/www/html/vendor/illuminate/database/Console/Migrations/MigrateCommand.php(63): Illuminate\\Database\\Console\\Migrations\\MigrateCommand->prepareDatabase()
#7 [internal function]: Illuminate\\Database\\Console\\Migrations\\MigrateCommand->handle()
#8 /var/www/html/vendor/illuminate/container/BoundMethod.php(32): call_user_func_array(Array, Array)
#9 /var/www/html/vendor/illuminate/container/BoundMethod.php(90): Illuminate\\Container\\BoundMethod::Illuminate\\Container\\{closure}()
#10 /var/www/html/vendor/illuminate/container/BoundMethod.php(34): Illuminate\\Container\\BoundMethod::callBoundMethod(Object(Laravel\\Lumen\\Application), Array, Object(Closure))
#11 /var/www/html/vendor/illuminate/container/Container.php(576): Illuminate\\Container\\BoundMethod::call(Object(Laravel\\Lumen\\Application), Array, Array, NULL)
#12 /var/www/html/vendor/illuminate/console/Command.php(183): Illuminate\\Container\\Container->call(Array)
#13 /var/www/html/vendor/symfony/console/Command/Command.php(255): Illuminate\\Console\\Command->execute(Object(Symfony\\Component\\Console\\Input\\ArgvInput), Object(Illuminate\\Console\\OutputStyle))
#14 /var/www/html/vendor/illuminate/console/Command.php(170): Symfony\\Component\\Console\\Command\\Command->run(Object(Symfony\\Component\\Console\\Input\\ArgvInput), Object(Illuminate\\Console\\OutputStyle))
#15 /var/www/html/vendor/symfony/console/Application.php(915): Illuminate\\Console\\Command->run(Object(Symfony\\Component\\Console\\Input\\ArgvInput), Object(Symfony\\Component\\Console\\Output\\ConsoleOutput))
#16 /var/www/html/vendor/symfony/console/Application.php(272): Symfony\\Component\\Console\\Application->doRunCommand(Object(Illuminate\\Database\\Console\\Migrations\\MigrateCommand), Object(Symfony\\Component\\Console\\Input\\ArgvInput), Object(Symfony\\Component\\Console\\Output\\ConsoleOutput))
#17 /var/www/html/vendor/symfony/console/Application.php(148): Symfony\\Component\\Console\\Application->doRun(Object(Symfony\\Component\\Console\\Input\\ArgvInput), Object(Symfony\\Component\\Console\\Output\\ConsoleOutput))
#18 /var/www/html/vendor/illuminate/console/Application.php(90): Symfony\\Component\\Console\\Application->run(Object(Symfony\\Component\\Console\\Input\\ArgvInput), Object(Symfony\\Component\\Console\\Output\\ConsoleOutput))
#19 /var/www/html/vendor/laravel/lumen-framework/src/Console/Kernel.php(115): Illuminate\\Console\\Application->run(Object(Symfony\\Component\\Console\\Input\\ArgvInput), Object(Symfony\\Component\\Console\\Output\\ConsoleOutput))
#20 /var/www/html/artisan(35): Laravel\\Lumen\\Console\\Kernel->handle(Object(Symfony\\Component\\Console\\Input\\ArgvInput), Object(Symfony\\Component\\Console\\Output\\ConsoleOutput))
#21 {main}
"} 
